# JRE version: 7.0_21-b11
# Java VM: Java HotSpot(TM) 64-Bit Server VM (23.21-b01 mixed mode windows-amd64 compressed oops)
Heap
 PSYoungGen      total 57344K, used 38561K [0x00000000eaab0000, 0x00000000eeaa0000, 0x0000000100000000)
  eden space 49216K, 63% used [0x00000000eaab0000,0x00000000ec964c58,0x00000000edac0000)
  from space 8128K, 87% used [0x00000000ee2b0000,0x00000000ee9a37c0,0x00000000eeaa0000)
  to   space 8128K, 0% used [0x00000000edac0000,0x00000000edac0000,0x00000000ee2b0000)
 ParOldGen       total 131008K, used 88K [0x00000000c0000000, 0x00000000c7ff0000, 0x00000000eaab0000)
  object space 131008K, 0% used [0x00000000c0000000,0x00000000c0016010,0x00000000c7ff0000)
 PSPermGen       total 21824K, used 21684K [0x00000000b8000000, 0x00000000b9550000, 0x00000000c0000000)
  object space 21824K, 99% used [0x00000000b8000000,0x00000000b952d188,0x00000000b9550000)
GC Heap History (8 events):
Event: 1.188 GC heap before
{Heap before GC invocations=1 (full 0):
 PSYoungGen      total 57344K, used 49216K [0x00000000eaab0000, 0x00000000eeaa0000, 0x0000000100000000)
  eden space 49216K, 100% used [0x00000000eaab0000,0x00000000edac0000,0x00000000edac0000)
  from space 8128K, 0% used [0x00000000ee2b0000,0x00000000ee2b0000,0x00000000eeaa0000)
  to   space 8128K, 0% used [0x00000000edac0000,0x00000000edac0000,0x00000000ee2b0000)
 ParOldGen       total 131008K, used 0K [0x00000000c0000000, 0x00000000c7ff0000, 0x00000000eaab0000)
  object space 131008K, 0% used [0x00000000c0000000,0x00000000c0000000,0x00000000c7ff0000)
 PSPermGen       total 21248K, used 9993K [0x00000000b8000000, 0x00000000b94c0000, 0x00000000c0000000)
  object space 21248K, 47% used [0x00000000b8000000,0x00000000b89c2738,0x00000000b94c0000)
Event: 1.194 GC heap after
Heap after GC invocations=1 (full 0):
 PSYoungGen      total 57344K, used 6129K [0x00000000eaab0000, 0x00000000eeaa0000, 0x0000000100000000)
  eden space 49216K, 0% used [0x00000000eaab0000,0x00000000eaab0000,0x00000000edac0000)
  from space 8128K, 75% used [0x00000000edac0000,0x00000000ee0bc408,0x00000000ee2b0000)
  to   space 8128K, 0% used [0x00000000ee2b0000,0x00000000ee2b0000,0x00000000eeaa0000)
 ParOldGen       total 131008K, used 8K [0x00000000c0000000, 0x00000000c7ff0000, 0x00000000eaab0000)
  object space 131008K, 0% used [0x00000000c0000000,0x00000000c0002000,0x00000000c7ff0000)
 PSPermGen       total 21248K, used 9993K [0x00000000b8000000, 0x00000000b94c0000, 0x00000000c0000000)
  object space 21248K, 47% used [0x00000000b8000000,0x00000000b89c2738,0x00000000b94c0000)
}
Event: 1.913 GC heap before
{Heap before GC invocations=2 (full 0):
 PSYoungGen      total 57344K, used 55345K [0x00000000eaab0000, 0x00000000eeaa0000, 0x0000000100000000)
  eden space 49216K, 100% used [0x00000000eaab0000,0x00000000edac0000,0x00000000edac0000)
  from space 8128K, 75% used [0x00000000edac0000,0x00000000ee0bc408,0x00000000ee2b0000)
  to   space 8128K, 0% used [0x00000000ee2b0000,0x00000000ee2b0000,0x00000000eeaa0000)
 ParOldGen       total 131008K, used 8K [0x00000000c0000000, 0x00000000c7ff0000, 0x00000000eaab0000)
  object space 131008K, 0% used [0x00000000c0000000,0x00000000c0002000,0x00000000c7ff0000)
 PSPermGen       total 21248K, used 13153K [0x00000000b8000000, 0x00000000b94c0000, 0x00000000c0000000)
  object space 21248K, 61% used [0x00000000b8000000,0x00000000b8cd8540,0x00000000b94c0000)
Event: 1.917 GC heap after
Heap after GC invocations=2 (full 0):
 PSYoungGen      total 57344K, used 4402K [0x00000000eaab0000, 0x00000000eeaa0000, 0x0000000100000000)
  eden space 49216K, 0% used [0x00000000eaab0000,0x00000000eaab0000,0x00000000edac0000)
  from space 8128K, 54% used [0x00000000ee2b0000,0x00000000ee6fc810,0x00000000eeaa0000)
  to   space 8128K, 0% used [0x00000000edac0000,0x00000000edac0000,0x00000000ee2b0000)
 ParOldGen       total 131008K, used 16K [0x00000000c0000000, 0x00000000c7ff0000, 0x00000000eaab0000)
  object space 131008K, 0% used [0x00000000c0000000,0x00000000c0004000,0x00000000c7ff0000)
 PSPermGen       total 21248K, used 13153K [0x00000000b8000000, 0x00000000b94c0000, 0x00000000c0000000)
  object space 21248K, 61% used [0x00000000b8000000,0x00000000b8cd8540,0x00000000b94c0000)
}
Event: 5.878 GC heap before
{Heap before GC invocations=3 (full 0):
 PSYoungGen      total 57344K, used 53618K [0x00000000eaab0000, 0x00000000eeaa0000, 0x0000000100000000)
  eden space 49216K, 100% used [0x00000000eaab0000,0x00000000edac0000,0x00000000edac0000)
  from space 8128K, 54% used [0x00000000ee2b0000,0x00000000ee6fc810,0x00000000eeaa0000)
  to   space 8128K, 0% used [0x00000000edac0000,0x00000000edac0000,0x00000000ee2b0000)
 ParOldGen       total 131008K, used 16K [0x00000000c0000000, 0x00000000c7ff0000, 0x00000000eaab0000)
  object space 131008K, 0% used [0x00000000c0000000,0x00000000c0004000,0x00000000c7ff0000)
 PSPermGen       total 21248K, used 16101K [0x00000000b8000000, 0x00000000b94c0000, 0x00000000c0000000)
  object space 21248K, 75% used [0x00000000b8000000,0x00000000b8fb9698,0x00000000b94c0000)
Event: 5.891 GC heap after
Heap after GC invocations=3 (full 0):
 PSYoungGen      total 57344K, used 6079K [0x00000000eaab0000, 0x00000000eeaa0000, 0x0000000100000000)
  eden space 49216K, 0% used [0x00000000eaab0000,0x00000000eaab0000,0x00000000edac0000)
  from space 8128K, 74% used [0x00000000edac0000,0x00000000ee0afe00,0x00000000ee2b0000)
  to   space 8128K, 0% used [0x00000000ee2b0000,0x00000000ee2b0000,0x00000000eeaa0000)
 ParOldGen       total 131008K, used 16K [0x00000000c0000000, 0x00000000c7ff0000, 0x00000000eaab0000)
  object space 131008K, 0% used [0x00000000c0000000,0x00000000c0004000,0x00000000c7ff0000)
 PSPermGen       total 21248K, used 16101K [0x00000000b8000000, 0x00000000b94c0000, 0x00000000c0000000)
  object space 21248K, 75% used [0x00000000b8000000,0x00000000b8fb9698,0x00000000b94c0000)
}
Event: 6.779 GC heap before
{Heap before GC invocations=4 (full 0):
 PSYoungGen      total 57344K, used 55295K [0x00000000eaab0000, 0x00000000eeaa0000, 0x0000000100000000)
  eden space 49216K, 100% used [0x00000000eaab0000,0x00000000edac0000,0x00000000edac0000)
  from space 8128K, 74% used [0x00000000edac0000,0x00000000ee0afe00,0x00000000ee2b0000)
  to   space 8128K, 0% used [0x00000000ee2b0000,0x00000000ee2b0000,0x00000000eeaa0000)
 ParOldGen       total 131008K, used 16K [0x00000000c0000000, 0x00000000c7ff0000, 0x00000000eaab0000)
  object space 131008K, 0% used [0x00000000c0000000,0x00000000c0004000,0x00000000c7ff0000)
 PSPermGen       total 21248K, used 19681K [0x00000000b8000000, 0x00000000b94c0000, 0x00000000c0000000)
  object space 21248K, 92% used [0x00000000b8000000,0x00000000b9338578,0x00000000b94c0000)
Event: 6.786 GC heap after
Heap after GC invocations=4 (full 0):
 PSYoungGen      total 57344K, used 7117K [0x00000000eaab0000, 0x00000000eeaa0000, 0x0000000100000000)
  eden space 49216K, 0% used [0x00000000eaab0000,0x00000000eaab0000,0x00000000edac0000)
  from space 8128K, 87% used [0x00000000ee2b0000,0x00000000ee9a37c0,0x00000000eeaa0000)
  to   space 8128K, 0% used [0x00000000edac0000,0x00000000edac0000,0x00000000ee2b0000)
 ParOldGen       total 131008K, used 88K [0x00000000c0000000, 0x00000000c7ff0000, 0x00000000eaab0000)
  object space 131008K, 0% used [0x00000000c0000000,0x00000000c0016010,0x00000000c7ff0000)
 PSPermGen       total 21248K, used 19681K [0x00000000b8000000, 0x00000000b94c0000, 0x00000000c0000000)
  object space 21248K, 92% used [0x00000000b8000000,0x00000000b9338578,0x00000000b94c0000)
}

